{"name": "Verify elements on Target Help UI", "status": "broken", "statusDetails": {"message": "selenium.common.exceptions.TimeoutException: Message: Element by ('css selector', \"a[data-test='Track my order']\") not located\nStacktrace:\n\tGetHandleVerifier [0x0x7ff6918f1eb5+80197]\n\tGetHandleVerifier [0x0x7ff6918f1f10+80288]\n\t(No symbol) [0x0x7ff6916702fa]\n\t(No symbol) [0x0x7ff6916c7cd7]\n\t(No symbol) [0x0x7ff6916c7f9c]\n\t(No symbol) [0x0x7ff69171ba87]\n\t(No symbol) [0x0x7ff6916f03bf]\n\t(No symbol) [0x0x7ff6917187fb]\n\t(No symbol) [0x0x7ff6916f0153]\n\t(No symbol) [0x0x7ff6916b8b02]\n\t(No symbol) [0x0x7ff6916b98d3]\n\tGetHandleVerifier [0x0x7ff691bae83d+2949837]\n\tGetHandleVerifier [0x0x7ff691ba8c6a+2926330]\n\tGetHandleVerifier [0x0x7ff691bc86c7+3055959]\n\tGetHandleVerifier [0x0x7ff69190cfee+191102]\n\tGetHandleVerifier [0x0x7ff6919150af+224063]\n\tGetHandleVerifier [0x0x7ff6918faf64+117236]\n\tGetHandleVerifier [0x0x7ff6918fb119+117673]\n\tGetHandleVerifier [0x0x7ff6918e10a8+11064]\n\tBaseThreadInitThunk [0x0x7ffa566ee8d7+23]\n\tRtlUserThreadStart [0x0x7ffa57848d9c+44]\n\n", "trace": "  File \"C:\\Users\\owash\\PycharmProjects\\Careerist\\python-selenium-automation\\.venv\\Lib\\site-packages\\behave\\model.py\", line 1991, in run\n    match.run(runner.context)\n    ~~~~~~~~~^^^^^^^^^^^^^^^^\n  File \"C:\\Users\\owash\\PycharmProjects\\Careerist\\python-selenium-automation\\.venv\\Lib\\site-packages\\behave\\matchers.py\", line 105, in run\n    self.func(context, *args, **kwargs)\n    ~~~~~~~~~^^^^^^^^^^^^^^^^^^^^^^^^^^\n  File \"features\\steps\\help_ui_steps.py\", line 21, in verify_help_tiles\n    context.app.help_ui_page.verify_help_tiles(count)\n    ~~~~~~~~~~~~~~~~~~~~~~~~~~~~~~~~~~~~~~~~~~^^^^^^^\n  File \"C:\\Users\\owash\\PycharmProjects\\Careerist\\python-selenium-automation\\pages\\help_ui_page.py\", line 23, in verify_help_tiles\n    self.wait_for_presence(*self.FIRST_TILE)\n    ~~~~~~~~~~~~~~~~~~~~~~^^^^^^^^^^^^^^^^^^\n  File \"C:\\Users\\owash\\PycharmProjects\\Careerist\\python-selenium-automation\\pages\\base_page.py\", line 43, in wait_for_presence\n    return self.wait.until(EC.presence_of_element_located(locator),f'Element by {locator} not located')\n           ~~~~~~~~~~~~~~~^^^^^^^^^^^^^^^^^^^^^^^^^^^^^^^^^^^^^^^^^^^^^^^^^^^^^^^^^^^^^^^^^^^^^^^^^^^^^\n  File \"C:\\Users\\owash\\AppData\\Local\\Programs\\Python\\Python313\\Lib\\site-packages\\selenium\\webdriver\\support\\wait.py\", line 138, in until\n    raise TimeoutException(message, screen, stacktrace)\n"}, "steps": [{"name": "Given Open target home page", "status": "passed", "start": 1759441824372, "stop": 1759441828650}, {"name": "When Click the account button sign in button opens", "status": "passed", "start": 1759441828650, "stop": 1759441829026}, {"name": "Then Click the help center button", "status": "passed", "start": 1759441829027, "stop": 1759441829076}, {"name": "And Verify Help page url", "status": "passed", "start": 1759441829076, "stop": 1759441829115}, {"name": "And Verify 9 help tiles are on page", "status": "broken", "statusDetails": {"message": "selenium.common.exceptions.TimeoutException: Message: Element by ('css selector', \"a[data-test='Track my order']\") not located\nStacktrace:\n\tGetHandleVerifier [0x0x7ff6918f1eb5+80197]\n\tGetHandleVerifier [0x0x7ff6918f1f10+80288]\n\t(No symbol) [0x0x7ff6916702fa]\n\t(No symbol) [0x0x7ff6916c7cd7]\n\t(No symbol) [0x0x7ff6916c7f9c]\n\t(No symbol) [0x0x7ff69171ba87]\n\t(No symbol) [0x0x7ff6916f03bf]\n\t(No symbol) [0x0x7ff6917187fb]\n\t(No symbol) [0x0x7ff6916f0153]\n\t(No symbol) [0x0x7ff6916b8b02]\n\t(No symbol) [0x0x7ff6916b98d3]\n\tGetHandleVerifier [0x0x7ff691bae83d+2949837]\n\tGetHandleVerifier [0x0x7ff691ba8c6a+2926330]\n\tGetHandleVerifier [0x0x7ff691bc86c7+3055959]\n\tGetHandleVerifier [0x0x7ff69190cfee+191102]\n\tGetHandleVerifier [0x0x7ff6919150af+224063]\n\tGetHandleVerifier [0x0x7ff6918faf64+117236]\n\tGetHandleVerifier [0x0x7ff6918fb119+117673]\n\tGetHandleVerifier [0x0x7ff6918e10a8+11064]\n\tBaseThreadInitThunk [0x0x7ffa566ee8d7+23]\n\tRtlUserThreadStart [0x0x7ffa57848d9c+44]\n\n", "trace": "  File \"C:\\Users\\owash\\PycharmProjects\\Careerist\\python-selenium-automation\\.venv\\Lib\\site-packages\\behave\\model.py\", line 1991, in run\n    match.run(runner.context)\n    ~~~~~~~~~^^^^^^^^^^^^^^^^\n  File \"C:\\Users\\owash\\PycharmProjects\\Careerist\\python-selenium-automation\\.venv\\Lib\\site-packages\\behave\\matchers.py\", line 105, in run\n    self.func(context, *args, **kwargs)\n    ~~~~~~~~~^^^^^^^^^^^^^^^^^^^^^^^^^^\n  File \"features\\steps\\help_ui_steps.py\", line 21, in verify_help_tiles\n    context.app.help_ui_page.verify_help_tiles(count)\n    ~~~~~~~~~~~~~~~~~~~~~~~~~~~~~~~~~~~~~~~~~~^^^^^^^\n  File \"C:\\Users\\owash\\PycharmProjects\\Careerist\\python-selenium-automation\\pages\\help_ui_page.py\", line 23, in verify_help_tiles\n    self.wait_for_presence(*self.FIRST_TILE)\n    ~~~~~~~~~~~~~~~~~~~~~~^^^^^^^^^^^^^^^^^^\n  File \"C:\\Users\\owash\\PycharmProjects\\Careerist\\python-selenium-automation\\pages\\base_page.py\", line 43, in wait_for_presence\n    return self.wait.until(EC.presence_of_element_located(locator),f'Element by {locator} not located')\n           ~~~~~~~~~~~~~~~^^^^^^^^^^^^^^^^^^^^^^^^^^^^^^^^^^^^^^^^^^^^^^^^^^^^^^^^^^^^^^^^^^^^^^^^^^^^^\n  File \"C:\\Users\\owash\\AppData\\Local\\Programs\\Python\\Python313\\Lib\\site-packages\\selenium\\webdriver\\support\\wait.py\", line 138, in until\n    raise TimeoutException(message, screen, stacktrace)\n"}, "start": 1759441829115, "stop": 1759441842274}], "start": 1759441823183, "stop": 1759441844970, "uuid": "68e277ae-34e8-438a-898e-4fdccabecaf8", "historyId": "e791478b62ef83e1dcfd17514d444d99", "fullName": "Elements on the Target Help page can be located: Verify elements on Target Help UI", "labels": [{"name": "severity", "value": "normal"}, {"name": "feature", "value": "Elements on the Target Help page can be located"}, {"name": "framework", "value": "behave"}, {"name": "language", "value": "cpython3"}], "titlePath": ["features", "tests", "Elements on the Target Help page can be located"]}