{"name": "Add a product to the cart", "status": "broken", "statusDetails": {"message": "selenium.common.exceptions.InvalidArgumentException: Message: invalid argument: invalid locator\n  (Session info: chrome=140.0.7339.81)\nStacktrace:\n\tGetHandleVerifier [0x0x7ff6918f1eb5+80197]\n\tGetHandleVerifier [0x0x7ff6918f1f10+80288]\n\t(No symbol) [0x0x7ff6916702fa]\n\t(No symbol) [0x0x7ff6916c7a9e]\n\t(No symbol) [0x0x7ff6916c7f9c]\n\t(No symbol) [0x0x7ff69171ba87]\n\t(No symbol) [0x0x7ff6916f03bf]\n\t(No symbol) [0x0x7ff6917187fb]\n\t(No symbol) [0x0x7ff6916f0153]\n\t(No symbol) [0x0x7ff6916b8b02]\n\t(No symbol) [0x0x7ff6916b98d3]\n\tGetHandleVerifier [0x0x7ff691bae83d+2949837]\n\tGetHandleVerifier [0x0x7ff691ba8c6a+2926330]\n\tGetHandleVerifier [0x0x7ff691bc86c7+3055959]\n\tGetHandleVerifier [0x0x7ff69190cfee+191102]\n\tGetHandleVerifier [0x0x7ff6919150af+224063]\n\tGetHandleVerifier [0x0x7ff6918faf64+117236]\n\tGetHandleVerifier [0x0x7ff6918fb119+117673]\n\tGetHandleVerifier [0x0x7ff6918e10a8+11064]\n\tBaseThreadInitThunk [0x0x7ffa566ee8d7+23]\n\tRtlUserThreadStart [0x0x7ffa57848d9c+44]\n\n", "trace": "  File \"C:\\Users\\owash\\PycharmProjects\\Careerist\\python-selenium-automation\\.venv\\Lib\\site-packages\\behave\\model.py\", line 1991, in run\n    match.run(runner.context)\n    ~~~~~~~~~^^^^^^^^^^^^^^^^\n  File \"C:\\Users\\owash\\PycharmProjects\\Careerist\\python-selenium-automation\\.venv\\Lib\\site-packages\\behave\\matchers.py\", line 105, in run\n    self.func(context, *args, **kwargs)\n    ~~~~~~~~~^^^^^^^^^^^^^^^^^^^^^^^^^^\n  File \"features\\steps\\cart_page_steps.py\", line 16, in verify_product_name\n    context.app.cart_page.verify_cart_has_products(product)\n    ~~~~~~~~~~~~~~~~~~~~~~~~~~~~~~~~~~~~~~~~~~~~~~^^^^^^^^^\n  File \"C:\\Users\\owash\\PycharmProjects\\Careerist\\python-selenium-automation\\pages\\cart_page_page.py\", line 23, in verify_cart_has_products\n    product = self.verify_partial_text(*self.PRODUCT_TITLE)\n  File \"C:\\Users\\owash\\PycharmProjects\\Careerist\\python-selenium-automation\\pages\\base_page.py\", line 74, in verify_partial_text\n    actual_text = self.find_element(*locator).text\n                  ~~~~~~~~~~~~~~~~~^^^^^^^^^^\n  File \"C:\\Users\\owash\\PycharmProjects\\Careerist\\python-selenium-automation\\pages\\base_page.py\", line 16, in find_element\n    return self.driver.find_element(*locator)\n           ~~~~~~~~~~~~~~~~~~~~~~~~^^^^^^^^^^\n  File \"C:\\Users\\owash\\AppData\\Local\\Programs\\Python\\Python313\\Lib\\site-packages\\selenium\\webdriver\\remote\\webdriver.py\", line 914, in find_element\n    return self.execute(Command.FIND_ELEMENT, {\"using\": by, \"value\": value})[\"value\"]\n           ~~~~~~~~~~~~^^^^^^^^^^^^^^^^^^^^^^^^^^^^^^^^^^^^^^^^^^^^^^^^^^^^^\n  File \"C:\\Users\\owash\\AppData\\Local\\Programs\\Python\\Python313\\Lib\\site-packages\\selenium\\webdriver\\remote\\webdriver.py\", line 447, in execute\n    self.error_handler.check_response(response)\n    ~~~~~~~~~~~~~~~~~~~~~~~~~~~~~~~~~^^^^^^^^^^\n  File \"C:\\Users\\owash\\AppData\\Local\\Programs\\Python\\Python313\\Lib\\site-packages\\selenium\\webdriver\\remote\\errorhandler.py\", line 232, in check_response\n    raise exception_class(message, screen, stacktrace)\n"}, "steps": [{"name": "Given Open target home page", "status": "passed", "start": 1759441784161, "stop": 1759441786456}, {"name": "When I search for toothpaste", "status": "passed", "start": 1759441786456, "stop": 1759441788750}, {"name": "And Click on product", "status": "passed", "start": 1759441788750, "stop": 1759441797787}, {"name": "And Click add to cart button", "status": "passed", "start": 1759441797787, "stop": 1759441800064}, {"name": "Then Open the cart page", "status": "passed", "start": 1759441800065, "stop": 1759441801149}, {"name": "And Verify cart has toothpaste", "status": "broken", "statusDetails": {"message": "selenium.common.exceptions.InvalidArgumentException: Message: invalid argument: invalid locator\n  (Session info: chrome=140.0.7339.81)\nStacktrace:\n\tGetHandleVerifier [0x0x7ff6918f1eb5+80197]\n\tGetHandleVerifier [0x0x7ff6918f1f10+80288]\n\t(No symbol) [0x0x7ff6916702fa]\n\t(No symbol) [0x0x7ff6916c7a9e]\n\t(No symbol) [0x0x7ff6916c7f9c]\n\t(No symbol) [0x0x7ff69171ba87]\n\t(No symbol) [0x0x7ff6916f03bf]\n\t(No symbol) [0x0x7ff6917187fb]\n\t(No symbol) [0x0x7ff6916f0153]\n\t(No symbol) [0x0x7ff6916b8b02]\n\t(No symbol) [0x0x7ff6916b98d3]\n\tGetHandleVerifier [0x0x7ff691bae83d+2949837]\n\tGetHandleVerifier [0x0x7ff691ba8c6a+2926330]\n\tGetHandleVerifier [0x0x7ff691bc86c7+3055959]\n\tGetHandleVerifier [0x0x7ff69190cfee+191102]\n\tGetHandleVerifier [0x0x7ff6919150af+224063]\n\tGetHandleVerifier [0x0x7ff6918faf64+117236]\n\tGetHandleVerifier [0x0x7ff6918fb119+117673]\n\tGetHandleVerifier [0x0x7ff6918e10a8+11064]\n\tBaseThreadInitThunk [0x0x7ffa566ee8d7+23]\n\tRtlUserThreadStart [0x0x7ffa57848d9c+44]\n\n", "trace": "  File \"C:\\Users\\owash\\PycharmProjects\\Careerist\\python-selenium-automation\\.venv\\Lib\\site-packages\\behave\\model.py\", line 1991, in run\n    match.run(runner.context)\n    ~~~~~~~~~^^^^^^^^^^^^^^^^\n  File \"C:\\Users\\owash\\PycharmProjects\\Careerist\\python-selenium-automation\\.venv\\Lib\\site-packages\\behave\\matchers.py\", line 105, in run\n    self.func(context, *args, **kwargs)\n    ~~~~~~~~~^^^^^^^^^^^^^^^^^^^^^^^^^^\n  File \"features\\steps\\cart_page_steps.py\", line 16, in verify_product_name\n    context.app.cart_page.verify_cart_has_products(product)\n    ~~~~~~~~~~~~~~~~~~~~~~~~~~~~~~~~~~~~~~~~~~~~~~^^^^^^^^^\n  File \"C:\\Users\\owash\\PycharmProjects\\Careerist\\python-selenium-automation\\pages\\cart_page_page.py\", line 23, in verify_cart_has_products\n    product = self.verify_partial_text(*self.PRODUCT_TITLE)\n  File \"C:\\Users\\owash\\PycharmProjects\\Careerist\\python-selenium-automation\\pages\\base_page.py\", line 74, in verify_partial_text\n    actual_text = self.find_element(*locator).text\n                  ~~~~~~~~~~~~~~~~~^^^^^^^^^^\n  File \"C:\\Users\\owash\\PycharmProjects\\Careerist\\python-selenium-automation\\pages\\base_page.py\", line 16, in find_element\n    return self.driver.find_element(*locator)\n           ~~~~~~~~~~~~~~~~~~~~~~~~^^^^^^^^^^\n  File \"C:\\Users\\owash\\AppData\\Local\\Programs\\Python\\Python313\\Lib\\site-packages\\selenium\\webdriver\\remote\\webdriver.py\", line 914, in find_element\n    return self.execute(Command.FIND_ELEMENT, {\"using\": by, \"value\": value})[\"value\"]\n           ~~~~~~~~~~~~^^^^^^^^^^^^^^^^^^^^^^^^^^^^^^^^^^^^^^^^^^^^^^^^^^^^^\n  File \"C:\\Users\\owash\\AppData\\Local\\Programs\\Python\\Python313\\Lib\\site-packages\\selenium\\webdriver\\remote\\webdriver.py\", line 447, in execute\n    self.error_handler.check_response(response)\n    ~~~~~~~~~~~~~~~~~~~~~~~~~~~~~~~~~^^^^^^^^^^\n  File \"C:\\Users\\owash\\AppData\\Local\\Programs\\Python\\Python313\\Lib\\site-packages\\selenium\\webdriver\\remote\\errorhandler.py\", line 232, in check_response\n    raise exception_class(message, screen, stacktrace)\n"}, "start": 1759441801149, "stop": 1759441802761}, {"name": "And Verify my cart has 1 item(s)", "status": "skipped", "start": 1759441805251, "stop": 1759441805251}], "start": 1759441782961, "stop": 1759441805251, "uuid": "a9c0a523-9ed2-436d-90c3-52d255dfb904", "historyId": "fd25ad052caf047d7fa312413e6deb76", "fullName": "Tests for Cart functionality: Add a product to the cart", "labels": [{"name": "severity", "value": "normal"}, {"name": "feature", "value": "Tests for Cart functionality"}, {"name": "framework", "value": "behave"}, {"name": "language", "value": "cpython3"}], "titlePath": ["features", "tests", "Tests for Cart functionality"]}