{"name": "Verify user can sign in", "status": "broken", "statusDetails": {"message": "selenium.common.exceptions.TimeoutException: Message: Element by ('id', 'account-sign-in') did not appear\nStacktrace:\n\tGetHandleVerifier [0x0x7ff6918f1eb5+80197]\n\tGetHandleVerifier [0x0x7ff6918f1f10+80288]\n\t(No symbol) [0x0x7ff6916702fa]\n\t(No symbol) [0x0x7ff6916c7cd7]\n\t(No symbol) [0x0x7ff6916c7f9c]\n\t(No symbol) [0x0x7ff69171ba87]\n\t(No symbol) [0x0x7ff6916f03bf]\n\t(No symbol) [0x0x7ff6917187fb]\n\t(No symbol) [0x0x7ff6916f0153]\n\t(No symbol) [0x0x7ff6916b8b02]\n\t(No symbol) [0x0x7ff6916b98d3]\n\tGetHandleVerifier [0x0x7ff691bae83d+2949837]\n\tGetHandleVerifier [0x0x7ff691ba8c6a+2926330]\n\tGetHandleVerifier [0x0x7ff691bc86c7+3055959]\n\tGetHandleVerifier [0x0x7ff69190cfee+191102]\n\tGetHandleVerifier [0x0x7ff6919150af+224063]\n\tGetHandleVerifier [0x0x7ff6918faf64+117236]\n\tGetHandleVerifier [0x0x7ff6918fb119+117673]\n\tGetHandleVerifier [0x0x7ff6918e10a8+11064]\n\tBaseThreadInitThunk [0x0x7ffa566ee8d7+23]\n\tRtlUserThreadStart [0x0x7ffa57848d9c+44]\n\n", "trace": "  File \"C:\\Users\\owash\\PycharmProjects\\Careerist\\python-selenium-automation\\.venv\\Lib\\site-packages\\behave\\model.py\", line 1991, in run\n    match.run(runner.context)\n    ~~~~~~~~~^^^^^^^^^^^^^^^^\n  File \"C:\\Users\\owash\\PycharmProjects\\Careerist\\python-selenium-automation\\.venv\\Lib\\site-packages\\behave\\matchers.py\", line 105, in run\n    self.func(context, *args, **kwargs)\n    ~~~~~~~~~^^^^^^^^^^^^^^^^^^^^^^^^^^\n  File \"features\\steps\\sign_in_page_steps.py\", line 28, in verify_user_is_signed_in\n    context.app.sign_in_page.verify_user_is_signed_in(user)\n    ~~~~~~~~~~~~~~~~~~~~~~~~~~~~~~~~~~~~~~~~~~~~~~~~~^^^^^^\n  File \"C:\\Users\\owash\\PycharmProjects\\Careerist\\python-selenium-automation\\pages\\sign_in_page.py\", line 39, in verify_user_is_signed_in\n    self.wait_for_element_visible(*self.ACCT_SIGN_IN)\n    ~~~~~~~~~~~~~~~~~~~~~~~~~~~~~^^^^^^^^^^^^^^^^^^^^\n  File \"C:\\Users\\owash\\PycharmProjects\\Careerist\\python-selenium-automation\\pages\\base_page.py\", line 40, in wait_for_element_visible\n    return self.wait.until(EC.visibility_of_element_located(locator), f'Element by {locator} did not appear')\n           ~~~~~~~~~~~~~~~^^^^^^^^^^^^^^^^^^^^^^^^^^^^^^^^^^^^^^^^^^^^^^^^^^^^^^^^^^^^^^^^^^^^^^^^^^^^^^^^^^^\n  File \"C:\\Users\\owash\\AppData\\Local\\Programs\\Python\\Python313\\Lib\\site-packages\\selenium\\webdriver\\support\\wait.py\", line 138, in until\n    raise TimeoutException(message, screen, stacktrace)\n"}, "steps": [{"name": "Given Open target home page", "status": "passed", "start": 1759441970183, "stop": 1759441974429}, {"name": "When Click the account button sign in button opens", "status": "passed", "start": 1759441974429, "stop": 1759441975144}, {"name": "Then Click sign in button", "status": "passed", "start": 1759441975144, "stop": 1759441976498}, {"name": "And Enter user morvitalgr@edgetopgrid.com", "status": "passed", "start": 1759441976499, "stop": 1759441977534}, {"name": "And Click sign in by password button", "status": "passed", "start": 1759441977534, "stop": 1759441978152}, {"name": "And Enter password Testers1", "status": "passed", "start": 1759441978152, "stop": 1759441978309}, {"name": "Then Verify ***** is signed in", "status": "broken", "statusDetails": {"message": "selenium.common.exceptions.TimeoutException: Message: Element by ('id', 'account-sign-in') did not appear\nStacktrace:\n\tGetHandleVerifier [0x0x7ff6918f1eb5+80197]\n\tGetHandleVerifier [0x0x7ff6918f1f10+80288]\n\t(No symbol) [0x0x7ff6916702fa]\n\t(No symbol) [0x0x7ff6916c7cd7]\n\t(No symbol) [0x0x7ff6916c7f9c]\n\t(No symbol) [0x0x7ff69171ba87]\n\t(No symbol) [0x0x7ff6916f03bf]\n\t(No symbol) [0x0x7ff6917187fb]\n\t(No symbol) [0x0x7ff6916f0153]\n\t(No symbol) [0x0x7ff6916b8b02]\n\t(No symbol) [0x0x7ff6916b98d3]\n\tGetHandleVerifier [0x0x7ff691bae83d+2949837]\n\tGetHandleVerifier [0x0x7ff691ba8c6a+2926330]\n\tGetHandleVerifier [0x0x7ff691bc86c7+3055959]\n\tGetHandleVerifier [0x0x7ff69190cfee+191102]\n\tGetHandleVerifier [0x0x7ff6919150af+224063]\n\tGetHandleVerifier [0x0x7ff6918faf64+117236]\n\tGetHandleVerifier [0x0x7ff6918fb119+117673]\n\tGetHandleVerifier [0x0x7ff6918e10a8+11064]\n\tBaseThreadInitThunk [0x0x7ffa566ee8d7+23]\n\tRtlUserThreadStart [0x0x7ffa57848d9c+44]\n\n", "trace": "  File \"C:\\Users\\owash\\PycharmProjects\\Careerist\\python-selenium-automation\\.venv\\Lib\\site-packages\\behave\\model.py\", line 1991, in run\n    match.run(runner.context)\n    ~~~~~~~~~^^^^^^^^^^^^^^^^\n  File \"C:\\Users\\owash\\PycharmProjects\\Careerist\\python-selenium-automation\\.venv\\Lib\\site-packages\\behave\\matchers.py\", line 105, in run\n    self.func(context, *args, **kwargs)\n    ~~~~~~~~~^^^^^^^^^^^^^^^^^^^^^^^^^^\n  File \"features\\steps\\sign_in_page_steps.py\", line 28, in verify_user_is_signed_in\n    context.app.sign_in_page.verify_user_is_signed_in(user)\n    ~~~~~~~~~~~~~~~~~~~~~~~~~~~~~~~~~~~~~~~~~~~~~~~~~^^^^^^\n  File \"C:\\Users\\owash\\PycharmProjects\\Careerist\\python-selenium-automation\\pages\\sign_in_page.py\", line 39, in verify_user_is_signed_in\n    self.wait_for_element_visible(*self.ACCT_SIGN_IN)\n    ~~~~~~~~~~~~~~~~~~~~~~~~~~~~~^^^^^^^^^^^^^^^^^^^^\n  File \"C:\\Users\\owash\\PycharmProjects\\Careerist\\python-selenium-automation\\pages\\base_page.py\", line 40, in wait_for_element_visible\n    return self.wait.until(EC.visibility_of_element_located(locator), f'Element by {locator} did not appear')\n           ~~~~~~~~~~~~~~~^^^^^^^^^^^^^^^^^^^^^^^^^^^^^^^^^^^^^^^^^^^^^^^^^^^^^^^^^^^^^^^^^^^^^^^^^^^^^^^^^^^\n  File \"C:\\Users\\owash\\AppData\\Local\\Programs\\Python\\Python313\\Lib\\site-packages\\selenium\\webdriver\\support\\wait.py\", line 138, in until\n    raise TimeoutException(message, screen, stacktrace)\n"}, "start": 1759441978309, "stop": 1759441991411}], "start": 1759441968982, "stop": 1759441993963, "uuid": "77226673-f74b-4948-be01-b016b0c1239e", "historyId": "b562be3ff245da57e9d05cea66c721de", "fullName": "Test login page: Verify user can sign in", "labels": [{"name": "severity", "value": "normal"}, {"name": "feature", "value": "Test login page"}, {"name": "framework", "value": "behave"}, {"name": "language", "value": "cpython3"}], "titlePath": ["features", "tests", "Test login page"]}